2025-02-09 13:03:33,985 ERROR root Erro ocorreu
2025-02-09 13:03:33,985 CRITICAL root Erro crítico
2025-02-09 13:03:35,540 ERROR root Erro ocorreu
2025-02-09 13:03:35,540 CRITICAL root Erro crítico
2025-02-09 13:06:58,901 ERROR example Erro
2025-02-09 13:06:58,902 CRITICAL example Erro crítico
2025-02-09 20:29:49,160 ERROR example Erro
2025-02-09 20:29:49,161 CRITICAL example Erro crítico
2025-02-09 20:31:12,446 ERROR example Erro
2025-02-09 20:31:12,446 CRITICAL example Erro crítico
2025-02-09 20:33:42,010 ERROR example Erro
2025-02-09 20:33:42,010 CRITICAL example Erro crítico
2025-02-09 20:35:25,504 ERROR example Erro
2025-02-09 20:35:25,504 CRITICAL example Erro crítico
2025-02-09 20:35:38,267 ERROR example Erro
2025-02-09 20:35:38,267 CRITICAL example Erro crítico
2025-02-09 20:35:57,040 ERROR example Erro
2025-02-09 20:35:57,041 CRITICAL example Erro crítico
2025-02-09 20:36:01,508 ERROR example Erro
2025-02-09 20:36:01,508 CRITICAL example Erro crítico
2025-02-09 20:36:14,584 ERROR example Erro
2025-02-09 20:36:14,584 CRITICAL example Erro crítico
2025-02-09 20:36:41,931 ERROR example Erro
2025-02-09 20:36:41,931 CRITICAL example Erro crítico
2025-02-09 20:37:13,882 ERROR example Erro
2025-02-09 20:37:13,882 CRITICAL example Erro crítico
2025-02-09 20:38:09,591 ERROR example Erro
2025-02-09 20:38:09,591 CRITICAL example Erro crítico
2025-02-09 20:38:45,336 ERROR example Erro
2025-02-09 20:38:45,336 CRITICAL example Erro crítico
2025-02-09 20:39:12,505 ERROR example Erro
2025-02-09 20:39:12,505 CRITICAL example Erro crítico
2025-02-09 20:39:34,976 ERROR example Erro
2025-02-09 20:39:34,976 CRITICAL example Erro crítico
2025-02-09 20:39:43,788 ERROR example Erro
2025-02-09 20:39:43,788 CRITICAL example Erro crítico
2025-02-09 20:39:49,793 ERROR example Erro
2025-02-09 20:39:49,793 CRITICAL example Erro crítico
2025-02-15 00:02:34,994 ERROR example Erro
2025-02-15 00:02:35,000 CRITICAL example Erro crítico
2025-02-15 00:06:17,698 ERROR example Erro
2025-02-15 00:06:17,698 CRITICAL example Erro crítico
2025-02-27 21:11:16,972 ERROR example Erro
2025-02-27 21:11:16,972 CRITICAL example Erro crítico
2025-02-27 21:29:39,120 ERROR example Erro
2025-02-27 21:29:39,120 CRITICAL example Erro crítico
2025-02-27 22:15:29,417 ERROR example Erro
2025-02-27 22:15:29,417 CRITICAL example Erro crítico
2025-02-27 22:15:35,517 ERROR example Erro
2025-02-27 22:15:35,517 CRITICAL example Erro crítico
2025-02-27 22:31:00,015 ERROR example Erro
2025-02-27 22:31:00,015 CRITICAL example Erro crítico
2025-02-27 22:35:56,430 ERROR example Erro
2025-02-27 22:35:56,430 CRITICAL example Erro crítico
2025-02-27 23:46:26,103 ERROR example Erro
2025-02-27 23:46:26,103 CRITICAL example Erro crítico
2025-02-27 23:46:36,779 ERROR example Erro
2025-02-27 23:46:36,779 CRITICAL example Erro crítico
2025-02-28 18:57:08,623 ERROR example Erro
2025-02-28 18:57:08,623 CRITICAL example Erro crítico
2025-03-17 12:00:18,516 ERROR root Erro ocorreu
2025-03-17 12:00:18,516 CRITICAL root Erro crítico
2025-03-17 12:04:14,598 ERROR example Erro
2025-03-17 12:04:14,598 CRITICAL example Erro crítico
2025-03-17 12:04:15,453 ERROR example Erro
2025-03-17 12:04:15,454 CRITICAL example Erro crítico
2025-03-17 12:05:19,659 ERROR example Erro
2025-03-17 12:05:19,659 CRITICAL example Erro crítico
2025-03-17 12:06:03,847 ERROR example Erro
2025-03-17 12:06:03,847 CRITICAL example Erro crítico
2025-03-17 12:07:26,740 ERROR example Erro
2025-03-17 12:07:26,741 CRITICAL example Erro crítico
2025-03-17 12:07:29,042 ERROR example Erro
2025-03-17 12:07:29,042 CRITICAL example Erro crítico
2025-03-17 12:11:28,113 ERROR example Erro
2025-03-17 12:11:28,114 CRITICAL example Erro crítico
2025-03-17 12:14:41,241 ERROR example Erro
2025-03-17 12:14:41,241 CRITICAL example Erro crítico
2025-03-17 12:15:10,624 ERROR example Erro
2025-03-17 12:15:10,624 CRITICAL example Erro crítico
2025-03-17 12:15:57,277 ERROR example Erro
2025-03-17 12:15:57,278 CRITICAL example Erro crítico
2025-03-17 12:16:10,010 ERROR example Erro
2025-03-17 12:16:10,010 CRITICAL example Erro crítico
2025-03-17 12:16:35,512 ERROR example Erro
2025-03-17 12:16:35,512 CRITICAL example Erro crítico
2025-03-17 12:17:06,314 ERROR example Erro
2025-03-17 12:17:06,314 CRITICAL example Erro crítico
2025-03-17 12:17:06,315 ERROR root Erro ocorreu
2025-03-17 12:17:06,315 CRITICAL root Erro crítico
2025-03-17 12:17:12,458 ERROR example Erro
2025-03-17 12:17:12,458 CRITICAL example Erro crítico
2025-03-17 12:17:14,429 ERROR example Erro
2025-03-17 12:17:14,429 CRITICAL example Erro crítico
2025-03-17 12:17:16,724 ERROR example Erro
2025-03-17 12:17:16,724 CRITICAL example Erro crítico
2025-03-17 12:17:30,969 ERROR example Erro
2025-03-17 12:17:30,969 CRITICAL example Erro crítico
2025-03-17 12:21:07,693 ERROR example Erro
2025-03-17 12:21:07,693 CRITICAL example Erro crítico
2025-03-17 12:21:09,576 ERROR example Erro
2025-03-17 12:21:09,576 CRITICAL example Erro crítico
2025-03-17 12:35:00,179 ERROR example Erro
2025-03-17 12:35:00,179 CRITICAL example Erro crítico
2025-03-17 12:35:20,104 ERROR example Erro
2025-03-17 12:35:20,104 CRITICAL example Erro crítico
2025-03-17 12:35:32,429 ERROR example Erro
2025-03-17 12:35:32,429 CRITICAL example Erro crítico
2025-03-17 12:36:48,662 ERROR example Erro
2025-03-17 12:36:48,663 CRITICAL example Erro crítico
2025-03-17 12:36:52,489 ERROR example Erro
2025-03-17 12:36:52,489 CRITICAL example Erro crítico
2025-03-17 12:37:01,842 ERROR example Erro
2025-03-17 12:37:01,842 CRITICAL example Erro crítico
2025-03-17 12:37:12,822 ERROR example Erro
2025-03-17 12:37:12,822 CRITICAL example Erro crítico
2025-03-17 12:37:15,281 ERROR example Erro
2025-03-17 12:37:15,282 CRITICAL example Erro crítico
2025-03-17 12:38:36,858 ERROR example Erro
2025-03-17 12:38:36,858 CRITICAL example Erro crítico
2025-03-17 12:40:20,570 ERROR example Erro
2025-03-17 12:40:20,570 CRITICAL example Erro crítico
2025-03-17 12:40:25,873 ERROR example Erro
2025-03-17 12:40:25,874 CRITICAL example Erro crítico
2025-03-17 12:44:35,770 ERROR example Erro
2025-03-17 12:44:35,770 CRITICAL example Erro crítico
2025-03-17 12:44:41,532 ERROR example Erro
2025-03-17 12:44:41,532 CRITICAL example Erro crítico
2025-03-17 12:44:43,141 ERROR example Erro
2025-03-17 12:44:43,141 CRITICAL example Erro crítico
2025-03-17 12:45:30,905 ERROR example Erro
2025-03-17 12:45:30,905 CRITICAL example Erro crítico
2025-03-17 12:45:40,391 ERROR example Erro
2025-03-17 12:45:40,391 CRITICAL example Erro crítico
2025-03-17 12:45:51,892 ERROR example Erro
2025-03-17 12:45:51,892 CRITICAL example Erro crítico
2025-03-17 12:45:57,093 ERROR example Erro
2025-03-17 12:45:57,093 CRITICAL example Erro crítico
2025-03-17 12:46:03,389 ERROR example Erro
2025-03-17 12:46:03,389 CRITICAL example Erro crítico
2025-03-17 12:58:08,885 ERROR example Erro
2025-03-17 12:58:08,885 CRITICAL example Erro crítico
2025-03-17 12:58:57,275 ERROR example Erro
2025-03-17 12:58:57,275 CRITICAL example Erro crítico
2025-03-17 12:59:08,792 ERROR example Erro
2025-03-17 12:59:08,793 CRITICAL example Erro crítico
2025-03-17 12:59:20,961 ERROR example Erro
2025-03-17 12:59:20,961 CRITICAL example Erro crítico
2025-03-17 12:59:47,033 ERROR example Erro
2025-03-17 12:59:47,034 CRITICAL example Erro crítico
2025-03-17 12:59:51,737 ERROR example Erro
2025-03-17 12:59:51,738 CRITICAL example Erro crítico
2025-03-17 13:09:04,341 ERROR example Erro
2025-03-17 13:09:04,341 CRITICAL example Erro crítico
2025-03-17 13:09:09,603 ERROR example Erro
2025-03-17 13:09:09,603 CRITICAL example Erro crítico
2025-03-17 13:09:39,634 ERROR example Erro
2025-03-17 13:09:39,634 CRITICAL example Erro crítico
2025-03-17 13:09:42,653 ERROR example Erro
2025-03-17 13:09:42,654 CRITICAL example Erro crítico
2025-03-17 13:15:42,913 ERROR example Erro
2025-03-17 13:15:42,913 CRITICAL example Erro crítico
2025-03-17 13:46:12,921 ERROR example Erro
2025-03-17 13:46:12,921 CRITICAL example Erro crítico
2025-03-17 13:46:51,814 ERROR example Erro
2025-03-17 13:46:51,814 CRITICAL example Erro crítico
2025-03-17 13:47:06,598 ERROR example Erro
2025-03-17 13:47:06,598 CRITICAL example Erro crítico
2025-03-17 13:47:11,023 ERROR example Erro
2025-03-17 13:47:11,023 CRITICAL example Erro crítico
2025-03-17 13:47:40,099 ERROR example Erro
2025-03-17 13:47:40,099 CRITICAL example Erro crítico
2025-03-17 13:47:43,447 ERROR example Erro
2025-03-17 13:47:43,447 CRITICAL example Erro crítico
2025-03-17 13:47:57,200 ERROR example Erro
2025-03-17 13:47:57,201 CRITICAL example Erro crítico
2025-03-17 13:50:30,728 ERROR example Erro
2025-03-17 13:50:30,728 CRITICAL example Erro crítico
2025-03-17 13:56:37,384 ERROR example Erro
2025-03-17 13:56:37,384 CRITICAL example Erro crítico
2025-03-17 13:56:46,145 ERROR example Erro
2025-03-17 13:56:46,145 CRITICAL example Erro crítico
2025-03-21 07:16:26,030 ERROR example Erro
2025-03-21 07:16:26,030 CRITICAL example Erro crítico
2025-03-21 07:20:22,499 ERROR example Erro
2025-03-21 07:20:22,499 CRITICAL example Erro crítico
2025-03-21 07:29:58,194 ERROR example Erro
2025-03-21 07:29:58,194 CRITICAL example Erro crítico
2025-03-21 07:30:15,113 ERROR example Erro
2025-03-21 07:30:15,113 CRITICAL example Erro crítico
2025-03-21 07:30:19,386 ERROR example Erro
2025-03-21 07:30:19,386 CRITICAL example Erro crítico
2025-03-21 07:30:26,646 ERROR example Erro
2025-03-21 07:30:26,646 CRITICAL example Erro crítico
2025-03-21 07:30:45,760 ERROR example Erro
2025-03-21 07:30:45,761 CRITICAL example Erro crítico
2025-03-21 07:30:45,781 ERROR root Erro ocorreu
2025-03-21 07:30:45,782 CRITICAL root Erro crítico
2025-03-21 07:36:40,006 ERROR example Erro
2025-03-21 07:36:40,006 CRITICAL example Erro crítico
2025-03-21 07:36:40,034 ERROR root Erro ocorreu
2025-03-21 07:36:40,034 CRITICAL root Erro crítico
2025-03-21 07:37:45,120 ERROR example Erro
2025-03-21 07:37:45,120 CRITICAL example Erro crítico
2025-03-21 07:37:47,771 ERROR example Erro
2025-03-21 07:37:47,771 CRITICAL example Erro crítico
2025-03-21 07:37:47,792 ERROR root Erro ocorreu
2025-03-21 07:37:47,792 CRITICAL root Erro crítico
2025-03-21 07:37:58,794 ERROR example Erro
2025-03-21 07:37:58,794 CRITICAL example Erro crítico
2025-03-21 07:38:01,571 ERROR example Erro
2025-03-21 07:38:01,572 CRITICAL example Erro crítico
2025-03-21 07:38:01,586 ERROR root Erro ocorreu
2025-03-21 07:38:01,587 CRITICAL root Erro crítico
2025-03-21 07:38:31,207 ERROR example Erro
2025-03-21 07:38:31,207 CRITICAL example Erro crítico
2025-03-21 07:47:10,743 ERROR example Erro
2025-03-21 07:47:10,743 CRITICAL example Erro crítico
2025-03-21 07:47:26,368 ERROR example Erro
2025-03-21 07:47:26,368 CRITICAL example Erro crítico
2025-03-21 07:53:18,157 ERROR example Erro
2025-03-21 07:53:18,157 CRITICAL example Erro crítico
2025-03-21 07:58:01,301 ERROR example Erro
2025-03-21 07:58:01,301 CRITICAL example Erro crítico
2025-03-21 07:59:00,597 ERROR example Erro
2025-03-21 07:59:00,597 CRITICAL example Erro crítico
2025-03-21 08:02:27,234 ERROR example Erro
2025-03-21 08:02:27,234 CRITICAL example Erro crítico
2025-03-21 08:02:50,290 ERROR example Erro
2025-03-21 08:02:50,290 CRITICAL example Erro crítico
2025-03-21 08:03:22,317 ERROR example Erro
2025-03-21 08:03:22,317 CRITICAL example Erro crítico
2025-03-21 08:03:44,570 ERROR example Erro
2025-03-21 08:03:44,570 CRITICAL example Erro crítico
2025-03-21 08:04:41,538 ERROR example Erro
2025-03-21 08:04:41,538 CRITICAL example Erro crítico
2025-03-21 08:04:45,186 ERROR example Erro
2025-03-21 08:04:45,186 CRITICAL example Erro crítico
2025-03-21 08:04:52,079 ERROR example Erro
2025-03-21 08:04:52,079 CRITICAL example Erro crítico
2025-03-21 08:11:48,033 ERROR example Erro
2025-03-21 08:11:48,034 CRITICAL example Erro crítico
2025-03-21 08:12:28,259 ERROR example Erro
2025-03-21 08:12:28,259 CRITICAL example Erro crítico
2025-03-21 08:12:45,059 ERROR example Erro
2025-03-21 08:12:45,059 CRITICAL example Erro crítico
2025-03-21 08:13:01,153 ERROR example Erro
2025-03-21 08:13:01,153 CRITICAL example Erro crítico
2025-03-21 08:13:11,099 ERROR example Erro
2025-03-21 08:13:11,099 CRITICAL example Erro crítico
2025-03-21 08:16:18,111 ERROR example Erro
2025-03-21 08:16:18,111 CRITICAL example Erro crítico
2025-03-21 08:16:41,276 ERROR example Erro
2025-03-21 08:16:41,276 CRITICAL example Erro crítico
2025-03-21 08:19:07,996 ERROR example Erro
2025-03-21 08:19:07,996 CRITICAL example Erro crítico
2025-03-21 08:19:51,132 ERROR example Erro
2025-03-21 08:19:51,133 CRITICAL example Erro crítico
2025-03-21 08:20:12,312 ERROR example Erro
2025-03-21 08:20:12,312 CRITICAL example Erro crítico
2025-03-21 08:22:25,581 ERROR example Erro
2025-03-21 08:22:25,581 CRITICAL example Erro crítico
2025-03-21 08:23:26,358 ERROR example Erro
2025-03-21 08:23:26,358 CRITICAL example Erro crítico
2025-03-21 08:23:48,084 ERROR example Erro
2025-03-21 08:23:48,084 CRITICAL example Erro crítico
2025-03-21 08:23:50,055 ERROR example Erro
2025-03-21 08:23:50,055 CRITICAL example Erro crítico
2025-03-21 08:24:14,772 ERROR example Erro
2025-03-21 08:24:14,773 CRITICAL example Erro crítico
2025-03-21 08:25:13,058 ERROR example Erro
2025-03-21 08:25:13,058 CRITICAL example Erro crítico
2025-03-21 08:25:20,647 ERROR example Erro
2025-03-21 08:25:20,647 CRITICAL example Erro crítico
2025-03-21 08:45:06,519 ERROR example Erro
2025-03-21 08:45:06,519 CRITICAL example Erro crítico
2025-03-21 08:54:17,516 ERROR example Erro
2025-03-21 08:54:17,517 CRITICAL example Erro crítico
2025-03-21 08:54:44,485 ERROR example Erro
2025-03-21 08:54:44,485 CRITICAL example Erro crítico
2025-03-21 08:55:58,924 ERROR example Erro
2025-03-21 08:55:58,924 CRITICAL example Erro crítico
2025-03-21 08:56:32,899 ERROR example Erro
2025-03-21 08:56:32,900 CRITICAL example Erro crítico
2025-03-21 08:57:36,985 ERROR example Erro
2025-03-21 08:57:36,985 CRITICAL example Erro crítico
2025-03-21 08:58:00,848 ERROR example Erro
2025-03-21 08:58:00,848 CRITICAL example Erro crítico
2025-03-21 09:00:28,826 ERROR example Erro
2025-03-21 09:00:28,826 CRITICAL example Erro crítico
2025-03-21 09:01:06,728 ERROR example Erro
2025-03-21 09:01:06,728 CRITICAL example Erro crítico
2025-03-21 09:01:24,151 ERROR example Erro
2025-03-21 09:01:24,151 CRITICAL example Erro crítico
2025-03-21 09:01:48,224 ERROR example Erro
2025-03-21 09:01:48,224 CRITICAL example Erro crítico
2025-03-21 09:01:49,408 ERROR example Erro
2025-03-21 09:01:49,408 CRITICAL example Erro crítico
2025-03-21 09:05:21,750 ERROR example Erro
2025-03-21 09:05:21,751 CRITICAL example Erro crítico
2025-03-21 09:10:13,051 ERROR example Erro
2025-03-21 09:10:13,051 CRITICAL example Erro crítico
2025-03-21 09:10:16,787 ERROR example Erro
2025-03-21 09:10:16,788 CRITICAL example Erro crítico
2025-03-21 09:11:33,745 ERROR example Erro
2025-03-21 09:11:33,745 CRITICAL example Erro crítico
2025-03-21 09:11:42,754 ERROR example Erro
2025-03-21 09:11:42,754 CRITICAL example Erro crítico
2025-03-21 09:11:48,205 ERROR example Erro
2025-03-21 09:11:48,205 CRITICAL example Erro crítico
2025-03-21 09:13:52,005 ERROR example Erro
2025-03-21 09:13:52,005 CRITICAL example Erro crítico
2025-03-21 09:14:49,110 ERROR example Erro
2025-03-21 09:14:49,110 CRITICAL example Erro crítico
2025-03-21 09:15:12,035 ERROR example Erro
2025-03-21 09:15:12,036 CRITICAL example Erro crítico
2025-03-21 09:15:23,107 ERROR example Erro
2025-03-21 09:15:23,108 CRITICAL example Erro crítico
2025-03-21 09:15:25,425 ERROR example Erro
2025-03-21 09:15:25,425 CRITICAL example Erro crítico
2025-03-21 09:18:58,393 ERROR example Erro
2025-03-21 09:18:58,393 CRITICAL example Erro crítico
2025-03-21 09:19:20,356 ERROR example Erro
2025-03-21 09:19:20,356 CRITICAL example Erro crítico
2025-03-21 09:25:31,811 ERROR example Erro
2025-03-21 09:25:31,811 CRITICAL example Erro crítico
2025-03-21 09:26:45,068 ERROR example Erro
2025-03-21 09:26:45,068 CRITICAL example Erro crítico
2025-03-21 09:27:51,557 ERROR example Erro
2025-03-21 09:27:51,557 CRITICAL example Erro crítico
2025-03-21 09:28:11,226 ERROR example Erro
2025-03-21 09:28:11,226 CRITICAL example Erro crítico
2025-03-21 09:28:32,979 ERROR example Erro
2025-03-21 09:28:32,980 CRITICAL example Erro crítico
2025-03-21 09:28:52,259 ERROR example Erro
2025-03-21 09:28:52,259 CRITICAL example Erro crítico
2025-03-21 09:29:05,693 ERROR example Erro
2025-03-21 09:29:05,693 CRITICAL example Erro crítico
2025-03-21 09:30:50,854 ERROR example Erro
2025-03-21 09:30:50,854 CRITICAL example Erro crítico
2025-03-21 09:32:45,593 ERROR example Erro
2025-03-21 09:32:45,594 CRITICAL example Erro crítico
2025-03-21 09:33:14,503 ERROR example Erro
2025-03-21 09:33:14,503 CRITICAL example Erro crítico
2025-03-21 09:33:29,134 ERROR example Erro
2025-03-21 09:33:29,134 CRITICAL example Erro crítico
2025-03-21 09:33:31,570 ERROR example Erro
2025-03-21 09:33:31,570 CRITICAL example Erro crítico
2025-03-21 09:33:54,006 ERROR example Erro
2025-03-21 09:33:54,006 CRITICAL example Erro crítico
2025-03-21 09:34:20,792 ERROR example Erro
2025-03-21 09:34:20,792 CRITICAL example Erro crítico
2025-03-21 09:34:43,250 ERROR example Erro
2025-03-21 09:34:43,250 CRITICAL example Erro crítico
2025-03-21 09:35:04,619 ERROR example Erro
2025-03-21 09:35:04,619 CRITICAL example Erro crítico
2025-03-21 09:37:27,861 ERROR example Erro
2025-03-21 09:37:27,861 CRITICAL example Erro crítico
2025-03-21 09:39:30,782 ERROR example Erro
2025-03-21 09:39:30,782 CRITICAL example Erro crítico
2025-03-21 09:40:48,947 ERROR example Erro
2025-03-21 09:40:48,948 CRITICAL example Erro crítico
2025-03-21 09:44:27,326 ERROR example Erro
2025-03-21 09:44:27,327 CRITICAL example Erro crítico
2025-03-21 09:44:49,840 ERROR example Erro
2025-03-21 09:44:49,841 CRITICAL example Erro crítico
2025-03-21 09:47:26,568 ERROR example Erro
2025-03-21 09:47:26,568 CRITICAL example Erro crítico
2025-03-21 09:47:39,321 ERROR example Erro
2025-03-21 09:47:39,321 CRITICAL example Erro crítico
2025-03-21 09:48:47,487 ERROR example Erro
2025-03-21 09:48:47,487 CRITICAL example Erro crítico
2025-03-21 09:49:06,117 ERROR example Erro
2025-03-21 09:49:06,117 CRITICAL example Erro crítico
2025-03-21 09:49:43,155 ERROR example Erro
2025-03-21 09:49:43,155 CRITICAL example Erro crítico
2025-03-21 09:50:21,065 ERROR example Erro
2025-03-21 09:50:21,065 CRITICAL example Erro crítico
2025-03-21 09:50:28,563 ERROR example Erro
2025-03-21 09:50:28,563 CRITICAL example Erro crítico
2025-03-21 09:57:05,625 ERROR example Erro
2025-03-21 09:57:05,625 CRITICAL example Erro crítico
2025-03-21 10:03:18,723 ERROR example Erro
2025-03-21 10:03:18,723 CRITICAL example Erro crítico
2025-03-21 10:06:57,634 ERROR example Erro
2025-03-21 10:06:57,635 CRITICAL example Erro crítico
2025-03-21 10:07:20,806 ERROR example Erro
2025-03-21 10:07:20,806 CRITICAL example Erro crítico
2025-03-21 10:07:32,762 ERROR example Erro
2025-03-21 10:07:32,762 CRITICAL example Erro crítico
2025-03-21 10:08:00,339 ERROR example Erro
2025-03-21 10:08:00,339 CRITICAL example Erro crítico
2025-03-21 10:08:17,609 ERROR example Erro
2025-03-21 10:08:17,609 CRITICAL example Erro crítico
2025-03-21 10:09:50,436 ERROR example Erro
2025-03-21 10:09:50,436 CRITICAL example Erro crítico
2025-03-21 10:10:10,055 ERROR example Erro
2025-03-21 10:10:10,055 CRITICAL example Erro crítico
2025-03-21 10:10:21,784 ERROR example Erro
2025-03-21 10:10:21,784 CRITICAL example Erro crítico
2025-03-21 10:10:28,483 ERROR example Erro
2025-03-21 10:10:28,483 CRITICAL example Erro crítico
2025-03-21 10:11:05,644 ERROR example Erro
2025-03-21 10:11:05,644 CRITICAL example Erro crítico
2025-03-21 10:11:29,959 ERROR example Erro
2025-03-21 10:11:29,960 CRITICAL example Erro crítico
2025-03-21 10:11:48,166 ERROR example Erro
2025-03-21 10:11:48,166 CRITICAL example Erro crítico
2025-03-21 10:12:00,522 ERROR example Erro
2025-03-21 10:12:00,522 CRITICAL example Erro crítico
2025-03-21 10:16:56,839 ERROR example Erro
2025-03-21 10:16:56,840 CRITICAL example Erro crítico
2025-03-21 10:17:04,478 ERROR example Erro
2025-03-21 10:17:04,479 CRITICAL example Erro crítico
2025-03-21 10:18:01,043 ERROR example Erro
2025-03-21 10:18:01,043 CRITICAL example Erro crítico
2025-03-21 10:27:20,487 ERROR example Erro
2025-03-21 10:27:20,487 CRITICAL example Erro crítico
2025-03-21 10:37:05,050 ERROR example Erro
2025-03-21 10:37:05,050 CRITICAL example Erro crítico
2025-03-21 10:38:20,864 ERROR example Erro
2025-03-21 10:38:20,864 CRITICAL example Erro crítico
2025-03-21 10:39:12,737 ERROR example Erro
2025-03-21 10:39:12,737 CRITICAL example Erro crítico
2025-03-21 10:41:40,613 ERROR example Erro
2025-03-21 10:41:40,613 CRITICAL example Erro crítico
2025-03-21 10:41:43,114 ERROR example Erro
2025-03-21 10:41:43,114 CRITICAL example Erro crítico
2025-03-21 10:54:32,569 ERROR example Erro
2025-03-21 10:54:32,570 CRITICAL example Erro crítico
2025-03-21 11:06:35,105 ERROR example Erro
2025-03-21 11:06:35,105 CRITICAL example Erro crítico
2025-03-21 11:31:04,681 ERROR example Erro
2025-03-21 11:31:04,681 CRITICAL example Erro crítico
2025-03-21 11:42:18,335 ERROR example Erro
2025-03-21 11:42:18,335 CRITICAL example Erro crítico
2025-03-21 11:47:10,398 ERROR example Erro
2025-03-21 11:47:10,398 CRITICAL example Erro crítico
2025-03-21 11:59:21,504 ERROR example Erro
2025-03-21 11:59:21,505 CRITICAL example Erro crítico
2025-03-21 11:59:53,520 ERROR example Erro
2025-03-21 11:59:53,521 CRITICAL example Erro crítico
2025-03-21 12:00:04,626 ERROR example Erro
2025-03-21 12:00:04,626 CRITICAL example Erro crítico
2025-03-21 12:00:09,803 ERROR example Erro
2025-03-21 12:00:09,803 CRITICAL example Erro crítico
2025-03-21 12:00:40,422 ERROR example Erro
2025-03-21 12:00:40,422 CRITICAL example Erro crítico
2025-03-21 12:10:34,808 ERROR example Erro
2025-03-21 12:10:34,808 CRITICAL example Erro crítico
2025-03-21 12:16:31,096 ERROR example Erro
2025-03-21 12:16:31,097 CRITICAL example Erro crítico
2025-03-21 12:19:48,585 ERROR example Erro
2025-03-21 12:19:48,585 CRITICAL example Erro crítico
2025-03-21 12:19:50,778 ERROR example Erro
2025-03-21 12:19:50,778 CRITICAL example Erro crítico
2025-03-21 12:29:20,753 ERROR example Erro
2025-03-21 12:29:20,753 CRITICAL example Erro crítico
2025-03-21 12:31:47,677 ERROR example Erro
2025-03-21 12:31:47,678 CRITICAL example Erro crítico
2025-03-21 12:37:44,345 ERROR example Erro
2025-03-21 12:37:44,345 CRITICAL example Erro crítico
2025-03-21 12:57:06,522 ERROR example Erro
2025-03-21 12:57:06,522 CRITICAL example Erro crítico
2025-03-21 13:00:32,784 ERROR example Erro
2025-03-21 13:00:32,784 CRITICAL example Erro crítico
2025-03-21 13:00:51,128 ERROR example Erro
2025-03-21 13:00:51,128 CRITICAL example Erro crítico
2025-03-21 13:01:58,723 ERROR example Erro
2025-03-21 13:01:58,723 CRITICAL example Erro crítico
2025-03-21 13:02:23,810 ERROR example Erro
2025-03-21 13:02:23,810 CRITICAL example Erro crítico
2025-03-21 13:03:41,432 ERROR example Erro
2025-03-21 13:03:41,432 CRITICAL example Erro crítico
2025-03-21 13:04:18,707 ERROR example Erro
2025-03-21 13:04:18,707 CRITICAL example Erro crítico
2025-03-21 13:04:39,286 ERROR example Erro
2025-03-21 13:04:39,286 CRITICAL example Erro crítico
2025-03-21 13:05:06,958 ERROR example Erro
2025-03-21 13:05:06,958 CRITICAL example Erro crítico
2025-03-21 13:05:26,567 ERROR example Erro
2025-03-21 13:05:26,567 CRITICAL example Erro crítico
2025-03-21 13:08:06,245 ERROR example Erro
2025-03-21 13:08:06,246 CRITICAL example Erro crítico
2025-03-21 13:16:55,735 ERROR example Erro
2025-03-21 13:16:55,736 CRITICAL example Erro crítico
2025-03-21 13:19:35,027 ERROR example Erro
2025-03-21 13:19:35,027 CRITICAL example Erro crítico
2025-03-21 13:20:02,289 ERROR example Erro
2025-03-21 13:20:02,289 CRITICAL example Erro crítico
2025-03-21 13:23:16,793 ERROR example Erro
2025-03-21 13:23:16,793 CRITICAL example Erro crítico
2025-03-21 13:23:30,586 ERROR example Erro
2025-03-21 13:23:30,586 CRITICAL example Erro crítico
2025-03-21 13:23:43,432 ERROR example Erro
2025-03-21 13:23:43,432 CRITICAL example Erro crítico
2025-03-21 13:24:12,235 ERROR example Erro
2025-03-21 13:24:12,235 CRITICAL example Erro crítico
2025-03-21 13:31:16,276 ERROR example Erro
2025-03-21 13:31:16,276 CRITICAL example Erro crítico
2025-03-21 13:31:33,458 ERROR example Erro
2025-03-21 13:31:33,459 CRITICAL example Erro crítico
2025-03-21 13:35:38,199 ERROR example Erro
2025-03-21 13:35:38,199 CRITICAL example Erro crítico
2025-03-21 13:35:58,099 ERROR example Erro
2025-03-21 13:35:58,099 CRITICAL example Erro crítico
2025-03-21 13:36:23,141 ERROR example Erro
2025-03-21 13:36:23,141 CRITICAL example Erro crítico
2025-03-21 13:36:47,151 ERROR example Erro
2025-03-21 13:36:47,151 CRITICAL example Erro crítico
2025-03-21 13:44:22,381 ERROR example Erro
2025-03-21 13:44:22,381 CRITICAL example Erro crítico
2025-03-21 13:45:22,363 ERROR example Erro
2025-03-21 13:45:22,363 CRITICAL example Erro crítico
2025-03-21 13:46:04,856 ERROR example Erro
2025-03-21 13:46:04,856 CRITICAL example Erro crítico
2025-03-21 13:46:38,258 ERROR example Erro
2025-03-21 13:46:38,258 CRITICAL example Erro crítico
2025-03-21 13:47:03,048 ERROR example Erro
2025-03-21 13:47:03,048 CRITICAL example Erro crítico
2025-03-21 13:47:18,101 ERROR example Erro
2025-03-21 13:47:18,101 CRITICAL example Erro crítico
2025-03-21 13:47:38,833 ERROR example Erro
2025-03-21 13:47:38,833 CRITICAL example Erro crítico
2025-03-21 13:47:57,983 ERROR example Erro
2025-03-21 13:47:57,984 CRITICAL example Erro crítico
2025-03-21 13:48:06,638 ERROR example Erro
2025-03-21 13:48:06,638 CRITICAL example Erro crítico
2025-03-21 13:51:08,159 ERROR example Erro
2025-03-21 13:51:08,159 CRITICAL example Erro crítico
2025-03-21 13:53:41,465 ERROR example Erro
2025-03-21 13:53:41,466 CRITICAL example Erro crítico
2025-03-21 14:00:10,620 ERROR example Erro
2025-03-21 14:00:10,620 CRITICAL example Erro crítico
2025-03-21 14:00:22,440 ERROR example Erro
2025-03-21 14:00:22,440 CRITICAL example Erro crítico
2025-03-21 14:00:59,371 ERROR example Erro
2025-03-21 14:00:59,371 CRITICAL example Erro crítico
2025-03-21 14:01:25,997 ERROR example Erro
2025-03-21 14:01:25,997 CRITICAL example Erro crítico
2025-03-21 14:06:13,672 ERROR example Erro
2025-03-21 14:06:13,673 CRITICAL example Erro crítico
2025-03-21 14:10:54,167 ERROR example Erro
2025-03-21 14:10:54,167 CRITICAL example Erro crítico
2025-03-21 14:12:43,079 ERROR example Erro
2025-03-21 14:12:43,079 CRITICAL example Erro crítico
2025-03-21 14:13:06,905 ERROR example Erro
2025-03-21 14:13:06,906 CRITICAL example Erro crítico
2025-03-22 09:28:15,260 ERROR example Erro
2025-03-22 09:28:15,262 CRITICAL example Erro crítico
2025-03-23 10:38:15,476 ERROR example Erro
2025-03-23 10:38:15,477 CRITICAL example Erro crítico
2025-03-23 10:48:09,512 ERROR example Erro
2025-03-23 10:48:09,512 CRITICAL example Erro crítico
2025-03-23 10:48:39,907 ERROR example Erro
2025-03-23 10:48:39,907 CRITICAL example Erro crítico
2025-03-23 10:49:32,213 ERROR example Erro
2025-03-23 10:49:32,213 CRITICAL example Erro crítico
2025-03-23 10:49:40,867 ERROR example Erro
2025-03-23 10:49:40,867 CRITICAL example Erro crítico
2025-03-23 10:51:13,892 ERROR example Erro
2025-03-23 10:51:13,892 CRITICAL example Erro crítico
2025-03-23 10:53:24,467 ERROR example Erro
2025-03-23 10:53:24,467 CRITICAL example Erro crítico
2025-03-23 10:53:47,146 ERROR example Erro
2025-03-23 10:53:47,147 CRITICAL example Erro crítico
2025-03-23 10:55:26,856 ERROR example Erro
2025-03-23 10:55:26,856 CRITICAL example Erro crítico
2025-03-23 10:55:44,971 ERROR example Erro
2025-03-23 10:55:44,971 CRITICAL example Erro crítico
2025-03-23 10:55:51,665 ERROR example Erro
2025-03-23 10:55:51,665 CRITICAL example Erro crítico
2025-03-23 10:57:31,344 ERROR example Erro
2025-03-23 10:57:31,345 CRITICAL example Erro crítico
2025-03-23 10:57:58,362 ERROR example Erro
2025-03-23 10:57:58,362 CRITICAL example Erro crítico
2025-03-23 10:58:08,482 ERROR example Erro
2025-03-23 10:58:08,482 CRITICAL example Erro crítico
2025-03-23 10:58:27,585 ERROR example Erro
2025-03-23 10:58:27,585 CRITICAL example Erro crítico
2025-03-23 10:59:35,199 ERROR example Erro
2025-03-23 10:59:35,199 CRITICAL example Erro crítico
2025-03-23 10:59:44,245 ERROR example Erro
2025-03-23 10:59:44,246 CRITICAL example Erro crítico
2025-03-23 10:59:49,403 ERROR example Erro
2025-03-23 10:59:49,404 CRITICAL example Erro crítico
2025-03-23 11:00:17,369 ERROR example Erro
2025-03-23 11:00:17,369 CRITICAL example Erro crítico
2025-03-23 11:00:59,380 ERROR example Erro
2025-03-23 11:00:59,381 CRITICAL example Erro crítico
2025-03-23 11:01:03,713 ERROR example Erro
2025-03-23 11:01:03,713 CRITICAL example Erro crítico
2025-03-23 11:03:17,279 ERROR example Erro
2025-03-23 11:03:17,279 CRITICAL example Erro crítico
2025-03-23 11:03:32,628 ERROR example Erro
2025-03-23 11:03:32,628 CRITICAL example Erro crítico
2025-03-23 11:04:17,081 ERROR example Erro
2025-03-23 11:04:17,082 CRITICAL example Erro crítico
2025-03-23 11:04:22,223 ERROR example Erro
2025-03-23 11:04:22,223 CRITICAL example Erro crítico
2025-03-23 11:05:08,152 ERROR example Erro
2025-03-23 11:05:08,152 CRITICAL example Erro crítico
2025-03-23 11:05:37,533 ERROR example Erro
2025-03-23 11:05:37,534 CRITICAL example Erro crítico
2025-03-23 11:05:44,306 ERROR example Erro
2025-03-23 11:05:44,306 CRITICAL example Erro crítico
2025-03-23 11:24:03,913 ERROR example Erro
2025-03-23 11:24:03,913 CRITICAL example Erro crítico
2025-03-23 11:24:48,682 ERROR example Erro
2025-03-23 11:24:48,683 CRITICAL example Erro crítico
2025-03-23 11:25:24,104 ERROR example Erro
2025-03-23 11:25:24,105 CRITICAL example Erro crítico
2025-03-23 11:25:29,967 ERROR example Erro
2025-03-23 11:25:29,967 CRITICAL example Erro crítico
2025-03-23 11:25:56,173 ERROR example Erro
2025-03-23 11:25:56,173 CRITICAL example Erro crítico
2025-03-23 11:26:21,905 ERROR example Erro
2025-03-23 11:26:21,905 CRITICAL example Erro crítico
2025-03-23 11:36:06,684 ERROR example Erro
2025-03-23 11:36:06,684 CRITICAL example Erro crítico
2025-03-23 11:37:41,618 ERROR example Erro
2025-03-23 11:37:41,618 CRITICAL example Erro crítico
2025-03-23 11:38:08,404 ERROR example Erro
2025-03-23 11:38:08,404 CRITICAL example Erro crítico
2025-03-23 11:43:22,294 ERROR example Erro
2025-03-23 11:43:22,294 CRITICAL example Erro crítico
2025-03-23 11:49:32,002 ERROR example Erro
2025-03-23 11:49:32,002 CRITICAL example Erro crítico
2025-03-23 12:38:06,272 ERROR example Erro
2025-03-23 12:38:06,272 CRITICAL example Erro crítico
2025-03-23 12:42:40,200 ERROR example Erro
2025-03-23 12:42:40,200 CRITICAL example Erro crítico
2025-03-23 12:43:00,826 ERROR example Erro
2025-03-23 12:43:00,826 CRITICAL example Erro crítico
2025-03-23 12:43:28,853 ERROR example Erro
2025-03-23 12:43:28,853 CRITICAL example Erro crítico
2025-03-23 12:43:49,409 ERROR example Erro
2025-03-23 12:43:49,409 CRITICAL example Erro crítico
2025-03-23 12:44:00,197 ERROR example Erro
2025-03-23 12:44:00,197 CRITICAL example Erro crítico
2025-03-23 12:57:03,978 ERROR example Erro
2025-03-23 12:57:03,978 CRITICAL example Erro crítico
2025-03-23 12:57:51,555 ERROR example Erro
2025-03-23 12:57:51,555 CRITICAL example Erro crítico
2025-03-23 12:58:26,271 ERROR example Erro
2025-03-23 12:58:26,271 CRITICAL example Erro crítico
2025-03-23 12:58:37,734 ERROR example Erro
2025-03-23 12:58:37,734 CRITICAL example Erro crítico
2025-03-23 12:58:55,084 ERROR example Erro
2025-03-23 12:58:55,085 CRITICAL example Erro crítico
2025-03-23 12:59:17,664 ERROR example Erro
2025-03-23 12:59:17,664 CRITICAL example Erro crítico
2025-03-23 13:00:14,535 ERROR example Erro
2025-03-23 13:00:14,535 CRITICAL example Erro crítico
2025-03-23 13:02:41,871 ERROR example Erro
2025-03-23 13:02:41,871 CRITICAL example Erro crítico
2025-03-23 13:03:42,990 ERROR example Erro
2025-03-23 13:03:42,991 CRITICAL example Erro crítico
2025-03-23 13:03:59,139 ERROR example Erro
2025-03-23 13:03:59,140 CRITICAL example Erro crítico
2025-03-23 13:04:07,865 ERROR example Erro
2025-03-23 13:04:07,865 CRITICAL example Erro crítico
2025-03-23 13:04:11,456 ERROR example Erro
2025-03-23 13:04:11,456 CRITICAL example Erro crítico
2025-03-23 13:04:13,838 ERROR example Erro
2025-03-23 13:04:13,838 CRITICAL example Erro crítico
2025-03-23 13:04:17,036 ERROR example Erro
2025-03-23 13:04:17,036 CRITICAL example Erro crítico
2025-03-23 13:04:32,361 ERROR example Erro
2025-03-23 13:04:32,361 CRITICAL example Erro crítico
2025-03-23 13:04:44,029 ERROR example Erro
2025-03-23 13:04:44,029 CRITICAL example Erro crítico
2025-03-23 13:04:49,680 ERROR example Erro
2025-03-23 13:04:49,680 CRITICAL example Erro crítico
2025-03-23 13:04:54,218 ERROR example Erro
2025-03-23 13:04:54,218 CRITICAL example Erro crítico
2025-03-23 13:04:56,894 ERROR example Erro
2025-03-23 13:04:56,894 CRITICAL example Erro crítico
2025-03-23 13:05:03,136 ERROR example Erro
2025-03-23 13:05:03,136 CRITICAL example Erro crítico
2025-03-23 13:05:05,359 ERROR example Erro
2025-03-23 13:05:05,359 CRITICAL example Erro crítico
2025-03-23 13:05:07,283 ERROR example Erro
2025-03-23 13:05:07,283 CRITICAL example Erro crítico
2025-03-23 13:05:50,563 ERROR example Erro
2025-03-23 13:05:50,564 CRITICAL example Erro crítico
2025-03-23 13:06:25,919 ERROR example Erro
2025-03-23 13:06:25,919 CRITICAL example Erro crítico
2025-03-23 13:06:46,121 ERROR example Erro
2025-03-23 13:06:46,121 CRITICAL example Erro crítico
2025-03-23 13:06:56,028 ERROR example Erro
2025-03-23 13:06:56,028 CRITICAL example Erro crítico
2025-03-23 13:07:04,179 ERROR example Erro
2025-03-23 13:07:04,180 CRITICAL example Erro crítico
2025-03-23 18:48:16,504 ERROR example Erro
2025-03-23 18:48:16,506 CRITICAL example Erro crítico
2025-03-23 18:59:11,764 ERROR example Erro
2025-03-23 18:59:11,764 CRITICAL example Erro crítico
2025-03-23 18:59:56,228 ERROR example Erro
2025-03-23 18:59:56,228 CRITICAL example Erro crítico
2025-03-23 19:00:26,425 ERROR example Erro
2025-03-23 19:00:26,425 CRITICAL example Erro crítico
2025-03-23 19:00:36,314 ERROR example Erro
2025-03-23 19:00:36,314 CRITICAL example Erro crítico
2025-03-23 19:02:38,610 ERROR example Erro
2025-03-23 19:02:38,611 CRITICAL example Erro crítico
2025-03-23 19:02:57,738 ERROR example Erro
2025-03-23 19:02:57,739 CRITICAL example Erro crítico
2025-03-23 19:04:26,632 ERROR example Erro
2025-03-23 19:04:26,632 CRITICAL example Erro crítico
2025-03-23 19:04:33,904 ERROR example Erro
2025-03-23 19:04:33,904 CRITICAL example Erro crítico
2025-03-23 19:15:42,159 ERROR example Erro
2025-03-23 19:15:42,159 CRITICAL example Erro crítico
2025-03-23 19:15:59,348 ERROR example Erro
2025-03-23 19:15:59,348 CRITICAL example Erro crítico
2025-03-23 19:16:19,833 ERROR example Erro
2025-03-23 19:16:19,834 CRITICAL example Erro crítico
2025-03-23 19:18:05,143 ERROR example Erro
2025-03-23 19:18:05,144 CRITICAL example Erro crítico
2025-03-23 19:18:39,049 ERROR example Erro
2025-03-23 19:18:39,049 CRITICAL example Erro crítico
2025-03-23 19:20:24,264 ERROR example Erro
2025-03-23 19:20:24,264 CRITICAL example Erro crítico
2025-03-23 19:22:13,350 ERROR example Erro
2025-03-23 19:22:13,350 CRITICAL example Erro crítico
2025-03-23 21:40:03,897 ERROR example Erro
2025-03-23 21:40:03,898 CRITICAL example Erro crítico
2025-03-23 21:52:09,093 ERROR example Erro
2025-03-23 21:52:09,093 CRITICAL example Erro crítico
2025-03-23 22:15:38,302 ERROR example Erro
2025-03-23 22:15:38,302 CRITICAL example Erro crítico
2025-03-23 22:16:31,404 ERROR example Erro
2025-03-23 22:16:31,404 CRITICAL example Erro crítico
2025-03-23 22:35:05,085 ERROR example Erro
2025-03-23 22:35:05,085 CRITICAL example Erro crítico
2025-03-23 22:35:49,978 ERROR example Erro
2025-03-23 22:35:49,978 CRITICAL example Erro crítico
2025-03-23 22:36:36,667 ERROR example Erro
2025-03-23 22:36:36,667 CRITICAL example Erro crítico
2025-03-23 22:46:51,508 ERROR example Erro
2025-03-23 22:46:51,509 CRITICAL example Erro crítico
2025-03-23 22:50:22,115 ERROR example Erro
2025-03-23 22:50:22,115 CRITICAL example Erro crítico
2025-03-23 22:50:30,512 ERROR example Erro
2025-03-23 22:50:30,513 CRITICAL example Erro crítico
2025-03-23 22:52:12,650 ERROR example Erro
2025-03-23 22:52:12,650 CRITICAL example Erro crítico
2025-03-23 22:55:34,718 ERROR example Erro
2025-03-23 22:55:34,719 CRITICAL example Erro crítico
2025-03-23 22:59:05,610 ERROR example Erro
2025-03-23 22:59:05,610 CRITICAL example Erro crítico
2025-03-23 23:59:42,853 ERROR example Erro
2025-03-23 23:59:42,853 CRITICAL example Erro crítico
2025-03-24 00:02:12,821 ERROR example Erro
2025-03-24 00:02:12,821 CRITICAL example Erro crítico
2025-03-24 00:05:57,420 ERROR example Erro
2025-03-24 00:05:57,420 CRITICAL example Erro crítico
2025-03-24 00:07:01,466 ERROR example Erro
2025-03-24 00:07:01,466 CRITICAL example Erro crítico
2025-03-24 00:20:57,632 ERROR example Erro
2025-03-24 00:20:57,632 CRITICAL example Erro crítico
2025-03-24 00:30:14,082 ERROR example Erro
2025-03-24 00:30:14,082 CRITICAL example Erro crítico
2025-03-24 00:34:57,232 ERROR example Erro
2025-03-24 00:34:57,232 CRITICAL example Erro crítico
2025-03-24 00:36:12,597 ERROR example Erro
2025-03-24 00:36:12,597 CRITICAL example Erro crítico
2025-03-24 00:36:48,796 ERROR example Erro
2025-03-24 00:36:48,796 CRITICAL example Erro crítico
2025-03-24 00:42:21,747 ERROR example Erro
2025-03-24 00:42:21,748 CRITICAL example Erro crítico
2025-03-24 00:45:18,979 ERROR example Erro
2025-03-24 00:45:18,979 CRITICAL example Erro crítico
2025-03-24 00:45:55,887 ERROR example Erro
2025-03-24 00:45:55,887 CRITICAL example Erro crítico
2025-03-24 00:47:03,830 ERROR example Erro
2025-03-24 00:47:03,830 CRITICAL example Erro crítico
2025-03-24 00:48:13,259 ERROR example Erro
2025-03-24 00:48:13,259 CRITICAL example Erro crítico
2025-03-24 00:50:12,191 ERROR example Erro
2025-03-24 00:50:12,191 CRITICAL example Erro crítico
2025-03-24 00:51:23,959 ERROR example Erro
2025-03-24 00:51:23,959 CRITICAL example Erro crítico
2025-03-24 00:54:58,748 ERROR example Erro
2025-03-24 00:54:58,748 CRITICAL example Erro crítico
2025-03-24 00:56:47,049 ERROR example Erro
2025-03-24 00:56:47,049 CRITICAL example Erro crítico
2025-03-24 00:57:38,658 ERROR example Erro
2025-03-24 00:57:38,659 CRITICAL example Erro crítico
2025-03-24 07:12:45,355 ERROR example Erro
2025-03-24 07:12:45,356 CRITICAL example Erro crítico
2025-03-24 07:13:45,361 ERROR example Erro
2025-03-24 07:13:45,361 CRITICAL example Erro crítico
2025-03-24 07:15:12,662 ERROR example Erro
2025-03-24 07:15:12,663 CRITICAL example Erro crítico
2025-03-24 07:18:24,921 ERROR example Erro
2025-03-24 07:18:24,921 CRITICAL example Erro crítico
2025-03-24 07:21:49,441 ERROR example Erro
2025-03-24 07:21:49,441 CRITICAL example Erro crítico
2025-03-24 07:23:55,855 ERROR example Erro
2025-03-24 07:23:55,855 CRITICAL example Erro crítico
2025-03-24 07:25:08,003 ERROR example Erro
2025-03-24 07:25:08,003 CRITICAL example Erro crítico
2025-03-24 07:25:42,406 ERROR example Erro
2025-03-24 07:25:42,406 CRITICAL example Erro crítico
2025-03-24 07:25:58,217 ERROR example Erro
2025-03-24 07:25:58,218 CRITICAL example Erro crítico
2025-03-24 07:28:07,321 ERROR example Erro
2025-03-24 07:28:07,321 CRITICAL example Erro crítico
2025-03-24 07:28:14,520 ERROR example Erro
2025-03-24 07:28:14,520 CRITICAL example Erro crítico
2025-03-24 07:29:32,383 ERROR example Erro
2025-03-24 07:29:32,384 CRITICAL example Erro crítico
2025-03-24 07:33:43,238 ERROR example Erro
2025-03-24 07:33:43,238 CRITICAL example Erro crítico
2025-03-24 07:34:25,625 ERROR example Erro
2025-03-24 07:34:25,625 CRITICAL example Erro crítico
2025-03-24 07:34:40,171 ERROR example Erro
2025-03-24 07:34:40,171 CRITICAL example Erro crítico
2025-03-24 07:44:25,592 ERROR example Erro
2025-03-24 07:44:25,592 CRITICAL example Erro crítico
2025-03-24 07:48:10,445 ERROR example Erro
2025-03-24 07:48:10,445 CRITICAL example Erro crítico
2025-03-24 07:49:12,705 ERROR example Erro
2025-03-24 07:49:12,705 CRITICAL example Erro crítico
2025-03-24 07:53:11,696 ERROR example Erro
2025-03-24 07:53:11,696 CRITICAL example Erro crítico
2025-03-24 07:53:36,338 ERROR example Erro
2025-03-24 07:53:36,338 CRITICAL example Erro crítico
2025-03-24 08:01:10,735 ERROR example Erro
2025-03-24 08:01:10,735 CRITICAL example Erro crítico
2025-03-24 08:01:45,386 ERROR example Erro
2025-03-24 08:01:45,386 CRITICAL example Erro crítico
2025-03-24 08:02:12,325 ERROR example Erro
2025-03-24 08:02:12,325 CRITICAL example Erro crítico
2025-03-24 08:26:24,829 ERROR example Erro
2025-03-24 08:26:24,829 CRITICAL example Erro crítico
2025-03-24 08:29:12,894 ERROR example Erro
2025-03-24 08:29:12,894 CRITICAL example Erro crítico
2025-03-24 08:30:31,373 ERROR example Erro
2025-03-24 08:30:31,373 CRITICAL example Erro crítico
2025-03-24 08:35:54,830 ERROR example Erro
2025-03-24 08:35:54,830 CRITICAL example Erro crítico
2025-03-24 08:37:24,175 ERROR example Erro
2025-03-24 08:37:24,175 CRITICAL example Erro crítico
2025-03-24 08:39:18,105 ERROR example Erro
2025-03-24 08:39:18,105 CRITICAL example Erro crítico
2025-03-24 08:42:54,378 ERROR example Erro
2025-03-24 08:42:54,378 CRITICAL example Erro crítico
2025-03-24 08:49:36,699 ERROR example Erro
2025-03-24 08:49:36,700 CRITICAL example Erro crítico
2025-03-24 08:49:53,291 ERROR example Erro
2025-03-24 08:49:53,291 CRITICAL example Erro crítico
2025-03-24 08:51:37,959 ERROR example Erro
2025-03-24 08:51:37,959 CRITICAL example Erro crítico
2025-03-24 08:52:02,818 ERROR example Erro
2025-03-24 08:52:02,818 CRITICAL example Erro crítico
2025-03-24 08:52:15,859 ERROR example Erro
2025-03-24 08:52:15,859 CRITICAL example Erro crítico
2025-03-24 08:52:17,246 ERROR example Erro
2025-03-24 08:52:17,247 CRITICAL example Erro crítico
2025-03-24 08:52:28,208 ERROR example Erro
2025-03-24 08:52:28,208 CRITICAL example Erro crítico
2025-03-24 08:56:56,655 ERROR example Erro
2025-03-24 08:56:56,655 CRITICAL example Erro crítico
2025-03-24 08:57:05,756 ERROR example Erro
2025-03-24 08:57:05,756 CRITICAL example Erro crítico
2025-03-24 08:57:54,663 ERROR example Erro
2025-03-24 08:57:54,663 CRITICAL example Erro crítico
2025-03-24 08:58:51,795 ERROR example Erro
2025-03-24 08:58:51,795 CRITICAL example Erro crítico
2025-03-24 08:59:56,475 ERROR example Erro
2025-03-24 08:59:56,475 CRITICAL example Erro crítico
2025-03-24 09:00:33,159 ERROR example Erro
2025-03-24 09:00:33,159 CRITICAL example Erro crítico
2025-03-24 09:00:54,612 ERROR example Erro
2025-03-24 09:00:54,612 CRITICAL example Erro crítico
2025-03-24 09:01:15,427 ERROR example Erro
2025-03-24 09:01:15,427 CRITICAL example Erro crítico
2025-03-24 09:01:44,990 ERROR example Erro
2025-03-24 09:01:44,990 CRITICAL example Erro crítico
2025-03-24 09:03:11,376 ERROR example Erro
2025-03-24 09:03:11,376 CRITICAL example Erro crítico
2025-03-24 09:03:21,924 ERROR example Erro
2025-03-24 09:03:21,924 CRITICAL example Erro crítico
2025-03-24 09:03:35,266 ERROR example Erro
2025-03-24 09:03:35,266 CRITICAL example Erro crítico
2025-03-24 09:05:09,964 ERROR example Erro
2025-03-24 09:05:09,964 CRITICAL example Erro crítico
2025-03-24 09:06:35,360 ERROR example Erro
2025-03-24 09:06:35,360 CRITICAL example Erro crítico
2025-03-24 09:07:28,644 ERROR example Erro
2025-03-24 09:07:28,644 CRITICAL example Erro crítico
2025-03-24 09:08:10,282 ERROR example Erro
2025-03-24 09:08:10,282 CRITICAL example Erro crítico
2025-03-24 09:09:26,285 ERROR example Erro
2025-03-24 09:09:26,286 CRITICAL example Erro crítico
2025-03-24 09:10:15,210 ERROR example Erro
2025-03-24 09:10:15,210 CRITICAL example Erro crítico
2025-03-24 09:10:23,023 ERROR example Erro
2025-03-24 09:10:23,023 CRITICAL example Erro crítico
2025-03-24 09:11:31,288 ERROR example Erro
2025-03-24 09:11:31,288 CRITICAL example Erro crítico
2025-03-24 09:11:58,087 ERROR example Erro
2025-03-24 09:11:58,087 CRITICAL example Erro crítico
2025-03-24 09:12:10,809 ERROR example Erro
2025-03-24 09:12:10,809 CRITICAL example Erro crítico
2025-03-24 09:12:20,102 ERROR example Erro
2025-03-24 09:12:20,102 CRITICAL example Erro crítico
2025-03-24 09:20:55,864 ERROR example Erro
2025-03-24 09:20:55,864 CRITICAL example Erro crítico
2025-03-24 09:21:34,238 ERROR example Erro
2025-03-24 09:21:34,239 CRITICAL example Erro crítico
2025-03-24 09:22:33,019 ERROR example Erro
2025-03-24 09:22:33,019 CRITICAL example Erro crítico
2025-03-24 09:22:35,894 ERROR example Erro
2025-03-24 09:22:35,895 CRITICAL example Erro crítico
2025-03-24 09:23:19,524 ERROR example Erro
2025-03-24 09:23:19,524 CRITICAL example Erro crítico
2025-03-24 09:23:57,630 ERROR example Erro
2025-03-24 09:23:57,630 CRITICAL example Erro crítico
2025-03-24 09:24:30,098 ERROR example Erro
2025-03-24 09:24:30,098 CRITICAL example Erro crítico
2025-03-24 09:24:45,059 ERROR example Erro
2025-03-24 09:24:45,059 CRITICAL example Erro crítico
2025-03-24 09:24:55,005 ERROR example Erro
2025-03-24 09:24:55,005 CRITICAL example Erro crítico
2025-03-24 09:25:16,552 ERROR example Erro
2025-03-24 09:25:16,553 CRITICAL example Erro crítico
2025-03-24 09:26:21,486 ERROR example Erro
2025-03-24 09:26:21,486 CRITICAL example Erro crítico
2025-03-24 09:27:01,621 ERROR example Erro
2025-03-24 09:27:01,621 CRITICAL example Erro crítico
2025-03-24 09:27:02,620 ERROR example Erro
2025-03-24 09:27:02,620 CRITICAL example Erro crítico
2025-03-24 09:27:23,116 ERROR example Erro
2025-03-24 09:27:23,116 CRITICAL example Erro crítico
2025-03-24 09:27:33,256 ERROR example Erro
2025-03-24 09:27:33,256 CRITICAL example Erro crítico
2025-03-24 09:27:49,020 ERROR example Erro
2025-03-24 09:27:49,020 CRITICAL example Erro crítico
2025-03-24 09:28:26,004 ERROR example Erro
2025-03-24 09:28:26,005 CRITICAL example Erro crítico
2025-03-24 09:28:33,033 ERROR example Erro
2025-03-24 09:28:33,034 CRITICAL example Erro crítico
2025-03-24 09:29:15,295 ERROR example Erro
2025-03-24 09:29:15,295 CRITICAL example Erro crítico
2025-03-24 09:29:29,614 ERROR example Erro
2025-03-24 09:29:29,615 CRITICAL example Erro crítico
2025-03-24 09:29:51,518 ERROR example Erro
2025-03-24 09:29:51,518 CRITICAL example Erro crítico
2025-03-24 09:30:14,481 ERROR example Erro
2025-03-24 09:30:14,482 CRITICAL example Erro crítico
2025-03-24 09:30:33,823 ERROR example Erro
2025-03-24 09:30:33,823 CRITICAL example Erro crítico
2025-03-24 09:31:14,975 ERROR example Erro
2025-03-24 09:31:14,975 CRITICAL example Erro crítico
2025-03-24 09:34:12,125 ERROR example Erro
2025-03-24 09:34:12,125 CRITICAL example Erro crítico
2025-03-24 09:34:19,406 ERROR example Erro
2025-03-24 09:34:19,406 CRITICAL example Erro crítico
2025-03-24 09:35:55,824 ERROR example Erro
2025-03-24 09:35:55,824 CRITICAL example Erro crítico
2025-03-24 09:36:14,594 ERROR example Erro
2025-03-24 09:36:14,594 CRITICAL example Erro crítico
2025-03-24 09:41:46,547 ERROR example Erro
2025-03-24 09:41:46,548 CRITICAL example Erro crítico
2025-03-24 09:41:54,434 ERROR example Erro
2025-03-24 09:41:54,434 CRITICAL example Erro crítico
2025-03-24 09:42:41,645 ERROR example Erro
2025-03-24 09:42:41,645 CRITICAL example Erro crítico
2025-03-24 09:42:52,421 ERROR example Erro
2025-03-24 09:42:52,422 CRITICAL example Erro crítico
2025-03-24 09:44:47,034 ERROR example Erro
2025-03-24 09:44:47,035 CRITICAL example Erro crítico
2025-03-24 09:46:13,427 ERROR example Erro
2025-03-24 09:46:13,428 CRITICAL example Erro crítico
2025-03-24 09:46:32,066 ERROR example Erro
2025-03-24 09:46:32,066 CRITICAL example Erro crítico
2025-03-24 09:47:14,056 ERROR example Erro
2025-03-24 09:47:14,056 CRITICAL example Erro crítico
2025-03-24 09:47:31,271 ERROR example Erro
2025-03-24 09:47:31,271 CRITICAL example Erro crítico
2025-03-24 09:47:44,855 ERROR example Erro
2025-03-24 09:47:44,855 CRITICAL example Erro crítico
2025-03-24 09:47:58,698 ERROR example Erro
2025-03-24 09:47:58,698 CRITICAL example Erro crítico
2025-03-24 09:48:00,270 ERROR example Erro
2025-03-24 09:48:00,270 CRITICAL example Erro crítico
2025-03-24 09:48:07,333 ERROR example Erro
2025-03-24 09:48:07,333 CRITICAL example Erro crítico
2025-03-24 09:51:24,364 ERROR example Erro
2025-03-24 09:51:24,365 CRITICAL example Erro crítico
2025-03-24 09:51:56,785 ERROR example Erro
2025-03-24 09:51:56,785 CRITICAL example Erro crítico
2025-03-24 09:52:08,939 ERROR example Erro
2025-03-24 09:52:08,939 CRITICAL example Erro crítico
2025-03-24 09:52:17,321 ERROR example Erro
2025-03-24 09:52:17,321 CRITICAL example Erro crítico
2025-03-24 09:52:34,706 ERROR example Erro
2025-03-24 09:52:34,707 CRITICAL example Erro crítico
2025-03-24 09:52:58,628 ERROR example Erro
2025-03-24 09:52:58,628 CRITICAL example Erro crítico
2025-03-24 09:53:27,632 ERROR example Erro
2025-03-24 09:53:27,632 CRITICAL example Erro crítico
2025-03-24 09:53:41,966 ERROR example Erro
2025-03-24 09:53:41,966 CRITICAL example Erro crítico
2025-03-24 09:53:55,789 ERROR example Erro
2025-03-24 09:53:55,789 CRITICAL example Erro crítico
2025-03-24 09:54:27,576 ERROR example Erro
2025-03-24 09:54:27,576 CRITICAL example Erro crítico
2025-03-24 09:55:59,069 ERROR example Erro
2025-03-24 09:55:59,069 CRITICAL example Erro crítico
2025-03-24 09:56:08,414 ERROR example Erro
2025-03-24 09:56:08,415 CRITICAL example Erro crítico
2025-03-24 09:56:53,142 ERROR example Erro
2025-03-24 09:56:53,142 CRITICAL example Erro crítico
2025-03-24 09:57:23,332 ERROR example Erro
2025-03-24 09:57:23,332 CRITICAL example Erro crítico
2025-03-24 09:57:58,543 ERROR example Erro
2025-03-24 09:57:58,543 CRITICAL example Erro crítico
2025-03-24 09:58:16,601 ERROR example Erro
2025-03-24 09:58:16,601 CRITICAL example Erro crítico
2025-03-24 09:58:31,106 ERROR example Erro
2025-03-24 09:58:31,106 CRITICAL example Erro crítico
2025-03-24 09:59:27,493 ERROR example Erro
2025-03-24 09:59:27,493 CRITICAL example Erro crítico
2025-03-24 10:00:01,579 ERROR example Erro
2025-03-24 10:00:01,579 CRITICAL example Erro crítico
2025-03-24 10:00:17,024 ERROR example Erro
2025-03-24 10:00:17,024 CRITICAL example Erro crítico
2025-03-24 10:00:28,360 ERROR example Erro
2025-03-24 10:00:28,360 CRITICAL example Erro crítico
2025-03-24 10:00:41,236 ERROR example Erro
2025-03-24 10:00:41,237 CRITICAL example Erro crítico
2025-03-24 10:02:01,775 ERROR example Erro
2025-03-24 10:02:01,775 CRITICAL example Erro crítico
2025-03-24 10:04:58,779 ERROR example Erro
2025-03-24 10:04:58,779 CRITICAL example Erro crítico
2025-03-24 10:05:06,721 ERROR example Erro
2025-03-24 10:05:06,722 CRITICAL example Erro crítico
2025-03-24 10:40:00,103 ERROR example Erro
2025-03-24 10:40:00,103 CRITICAL example Erro crítico
2025-03-24 10:40:07,777 ERROR example Erro
2025-03-24 10:40:07,777 CRITICAL example Erro crítico
2025-03-24 10:40:28,143 ERROR example Erro
2025-03-24 10:40:28,143 CRITICAL example Erro crítico
2025-03-24 10:40:57,865 ERROR example Erro
2025-03-24 10:40:57,865 CRITICAL example Erro crítico
2025-03-24 10:41:35,079 ERROR example Erro
2025-03-24 10:41:35,079 CRITICAL example Erro crítico
2025-03-24 10:42:28,784 ERROR example Erro
2025-03-24 10:42:28,784 CRITICAL example Erro crítico
2025-03-24 10:42:37,258 ERROR example Erro
2025-03-24 10:42:37,259 CRITICAL example Erro crítico
2025-03-24 10:43:37,330 ERROR example Erro
2025-03-24 10:43:37,330 CRITICAL example Erro crítico
2025-03-24 10:43:42,392 ERROR example Erro
2025-03-24 10:43:42,392 CRITICAL example Erro crítico
2025-03-24 10:43:58,925 ERROR example Erro
2025-03-24 10:43:58,926 CRITICAL example Erro crítico
2025-03-24 10:44:11,722 ERROR example Erro
2025-03-24 10:44:11,722 CRITICAL example Erro crítico
2025-03-24 10:48:10,104 ERROR example Erro
2025-03-24 10:48:10,104 CRITICAL example Erro crítico
2025-03-24 11:01:48,723 ERROR example Erro
2025-03-24 11:01:48,723 CRITICAL example Erro crítico
2025-03-24 11:02:05,937 ERROR example Erro
2025-03-24 11:02:05,937 CRITICAL example Erro crítico
2025-03-24 11:03:41,214 ERROR example Erro
2025-03-24 11:03:41,214 CRITICAL example Erro crítico
2025-03-24 11:04:19,452 ERROR example Erro
2025-03-24 11:04:19,453 CRITICAL example Erro crítico
2025-03-24 11:05:07,933 ERROR example Erro
2025-03-24 11:05:07,933 CRITICAL example Erro crítico
2025-03-24 11:05:21,766 ERROR example Erro
2025-03-24 11:05:21,766 CRITICAL example Erro crítico
2025-03-24 11:05:51,639 ERROR example Erro
2025-03-24 11:05:51,639 CRITICAL example Erro crítico
2025-03-24 11:06:40,068 ERROR example Erro
2025-03-24 11:06:40,068 CRITICAL example Erro crítico
2025-03-24 11:06:42,441 ERROR example Erro
2025-03-24 11:06:42,441 CRITICAL example Erro crítico
2025-03-24 11:17:35,668 ERROR example Erro
2025-03-24 11:17:35,668 CRITICAL example Erro crítico
2025-03-24 11:20:20,476 ERROR example Erro
2025-03-24 11:20:20,477 CRITICAL example Erro crítico
2025-03-24 11:22:48,633 ERROR example Erro
2025-03-24 11:22:48,633 CRITICAL example Erro crítico
2025-03-24 12:13:34,635 ERROR example Erro
2025-03-24 12:13:34,635 CRITICAL example Erro crítico
2025-03-24 12:14:44,330 ERROR example Erro
2025-03-24 12:14:44,330 CRITICAL example Erro crítico
2025-03-24 12:14:46,388 ERROR example Erro
2025-03-24 12:14:46,388 CRITICAL example Erro crítico
2025-03-24 12:16:22,051 ERROR example Erro
2025-03-24 12:16:22,051 CRITICAL example Erro crítico
2025-03-24 12:17:18,571 ERROR example Erro
2025-03-24 12:17:18,572 CRITICAL example Erro crítico
2025-03-24 12:17:30,343 ERROR example Erro
2025-03-24 12:17:30,343 CRITICAL example Erro crítico
2025-03-24 12:17:52,541 ERROR example Erro
2025-03-24 12:17:52,541 CRITICAL example Erro crítico
2025-03-24 12:18:34,904 ERROR example Erro
2025-03-24 12:18:34,904 CRITICAL example Erro crítico
2025-03-24 12:22:26,933 ERROR example Erro
2025-03-24 12:22:26,933 CRITICAL example Erro crítico
2025-03-24 12:22:53,064 ERROR example Erro
2025-03-24 12:22:53,065 CRITICAL example Erro crítico
2025-03-24 12:23:11,450 ERROR example Erro
2025-03-24 12:23:11,450 CRITICAL example Erro crítico
2025-03-24 12:23:34,978 ERROR example Erro
2025-03-24 12:23:34,978 CRITICAL example Erro crítico
2025-03-24 12:23:44,339 ERROR example Erro
2025-03-24 12:23:44,339 CRITICAL example Erro crítico
2025-03-24 12:23:48,254 ERROR example Erro
2025-03-24 12:23:48,254 CRITICAL example Erro crítico
2025-03-24 12:25:45,175 ERROR example Erro
2025-03-24 12:25:45,175 CRITICAL example Erro crítico
2025-03-24 12:26:05,840 ERROR example Erro
2025-03-24 12:26:05,840 CRITICAL example Erro crítico
2025-03-24 12:26:22,707 ERROR example Erro
2025-03-24 12:26:22,707 CRITICAL example Erro crítico
2025-03-24 12:27:16,382 ERROR example Erro
2025-03-24 12:27:16,382 CRITICAL example Erro crítico
2025-03-24 12:27:22,890 ERROR example Erro
2025-03-24 12:27:22,891 CRITICAL example Erro crítico
2025-03-24 12:28:55,867 ERROR example Erro
2025-03-24 12:28:55,867 CRITICAL example Erro crítico
2025-03-24 12:32:02,122 ERROR example Erro
2025-03-24 12:32:02,122 CRITICAL example Erro crítico
2025-03-24 12:32:21,959 ERROR example Erro
2025-03-24 12:32:21,959 CRITICAL example Erro crítico
2025-03-24 12:34:22,892 ERROR example Erro
2025-03-24 12:34:22,892 CRITICAL example Erro crítico
2025-03-24 12:38:32,383 ERROR example Erro
2025-03-24 12:38:32,383 CRITICAL example Erro crítico
2025-03-24 12:38:46,679 ERROR example Erro
2025-03-24 12:38:46,679 CRITICAL example Erro crítico
2025-03-24 12:39:14,515 ERROR example Erro
2025-03-24 12:39:14,515 CRITICAL example Erro crítico
2025-03-24 12:39:32,067 ERROR example Erro
2025-03-24 12:39:32,067 CRITICAL example Erro crítico
2025-03-24 12:39:51,413 ERROR example Erro
2025-03-24 12:39:51,413 CRITICAL example Erro crítico
2025-03-24 12:40:02,827 ERROR example Erro
2025-03-24 12:40:02,827 CRITICAL example Erro crítico
2025-03-24 12:40:30,775 ERROR example Erro
2025-03-24 12:40:30,775 CRITICAL example Erro crítico
2025-03-24 12:40:52,608 ERROR example Erro
2025-03-24 12:40:52,608 CRITICAL example Erro crítico
2025-03-24 12:40:59,820 ERROR example Erro
2025-03-24 12:40:59,820 CRITICAL example Erro crítico
2025-03-24 12:41:32,002 ERROR example Erro
2025-03-24 12:41:32,002 CRITICAL example Erro crítico
2025-03-24 12:43:49,714 ERROR example Erro
2025-03-24 12:43:49,715 CRITICAL example Erro crítico
2025-03-24 12:44:55,930 ERROR example Erro
2025-03-24 12:44:55,930 CRITICAL example Erro crítico
2025-03-24 12:45:20,726 ERROR example Erro
2025-03-24 12:45:20,727 CRITICAL example Erro crítico
2025-03-24 12:45:24,329 ERROR example Erro
2025-03-24 12:45:24,329 CRITICAL example Erro crítico
2025-03-24 12:46:12,547 ERROR example Erro
2025-03-24 12:46:12,547 CRITICAL example Erro crítico
2025-03-24 12:46:26,291 ERROR example Erro
2025-03-24 12:46:26,291 CRITICAL example Erro crítico
2025-03-24 12:46:34,249 ERROR example Erro
2025-03-24 12:46:34,249 CRITICAL example Erro crítico
2025-03-24 12:46:46,732 ERROR example Erro
2025-03-24 12:46:46,732 CRITICAL example Erro crítico
2025-03-24 12:46:58,117 ERROR example Erro
2025-03-24 12:46:58,117 CRITICAL example Erro crítico
2025-03-24 12:47:11,951 ERROR example Erro
2025-03-24 12:47:11,951 CRITICAL example Erro crítico
2025-03-24 12:47:35,748 ERROR example Erro
2025-03-24 12:47:35,748 CRITICAL example Erro crítico
2025-03-24 12:47:52,608 ERROR example Erro
2025-03-24 12:47:52,608 CRITICAL example Erro crítico
2025-03-24 12:48:09,669 ERROR example Erro
2025-03-24 12:48:09,669 CRITICAL example Erro crítico
2025-03-24 12:48:28,096 ERROR example Erro
2025-03-24 12:48:28,096 CRITICAL example Erro crítico
2025-03-24 12:48:37,720 ERROR example Erro
2025-03-24 12:48:37,720 CRITICAL example Erro crítico
2025-03-24 12:49:52,128 ERROR example Erro
2025-03-24 12:49:52,128 CRITICAL example Erro crítico
2025-03-24 12:50:16,975 ERROR example Erro
2025-03-24 12:50:16,976 CRITICAL example Erro crítico
2025-03-24 12:50:26,152 ERROR example Erro
2025-03-24 12:50:26,152 CRITICAL example Erro crítico
2025-03-24 12:50:33,076 ERROR example Erro
2025-03-24 12:50:33,076 CRITICAL example Erro crítico
2025-03-24 12:52:34,775 ERROR example Erro
2025-03-24 12:52:34,775 CRITICAL example Erro crítico
2025-03-24 12:52:57,487 ERROR example Erro
2025-03-24 12:52:57,487 CRITICAL example Erro crítico
2025-03-24 12:53:00,078 ERROR example Erro
2025-03-24 12:53:00,078 CRITICAL example Erro crítico
2025-03-24 12:53:06,296 ERROR example Erro
2025-03-24 12:53:06,297 CRITICAL example Erro crítico
2025-03-24 12:53:23,143 ERROR example Erro
2025-03-24 12:53:23,144 CRITICAL example Erro crítico
